This is pdfTeX, Version 3.14159265-2.6-1.40.21 (TeX Live 2020) (preloaded format=pdflatex 2020.8.11)  11 AUG 2020 15:12
entering extended mode
 restricted \write18 enabled.
 file:line:error style messages enabled.
 %&-line parsing enabled.
**/Users/alexandrodisla/Desktop/curiculum-vitae-and-letter/alexandrodislaCoverLetter.tex
(/Users/alexandrodisla/Desktop/curiculum-vitae-and-letter/alexandrodislaCoverLetter.tex
LaTeX2e <2020-02-02> patch level 5
L3 programming layer <2020-08-07> (/usr/local/texlive/2020/texmf-dist/tex/latex/lettre/lettre.cls (/usr/local/texlive/2020/texmf-dist/tex/latex/etoolbox/etoolbox.sty
Package: etoolbox 2020/07/15 v2.5i e-TeX tools for LaTeX (JAW)
\etb@tempcnta=\count168
) (/usr/local/texlive/2020/texmf-dist/tex/latex/graphics/graphicx.sty
Package: graphicx 2019/11/30 v1.2a Enhanced LaTeX Graphics (DPC,SPQR)
 (/usr/local/texlive/2020/texmf-dist/tex/latex/graphics/keyval.sty
Package: keyval 2014/10/28 v1.15 key=value parser (DPC)
\KV@toks@=\toks15
) (/usr/local/texlive/2020/texmf-dist/tex/latex/graphics/graphics.sty
Package: graphics 2019/11/30 v1.4a Standard LaTeX Graphics (DPC,SPQR)
 (/usr/local/texlive/2020/texmf-dist/tex/latex/graphics/trig.sty
Package: trig 2016/01/03 v1.10 sin cos tan (DPC)
) (/usr/local/texlive/2020/texmf-dist/tex/latex/graphics-cfg/graphics.cfg
File: graphics.cfg 2016/06/04 v1.11 sample graphics configuration
)
Package graphics Info: Driver file: pdftex.def on input line 105.
 (/usr/local/texlive/2020/texmf-dist/tex/latex/graphics-def/pdftex.def
File: pdftex.def 2018/01/08 v1.0l Graphics/color driver for pdftex
))
\Gin@req@height=\dimen134
\Gin@req@width=\dimen135
)
Document Class: lettre  v3.002
Copyleft Denis Megevand - Observatoire de Geneve
\lettre@x@mm=\skip47
\lettre@y@mm=\skip48
\c@infos=\count169
\lettre@keep@envs=\count170
(/usr/local/texlive/2020/texmf-dist/tex/latex/base/size12.clo
File: size12.clo 2019/12/20 v1.4l Standard LaTeX file (size option)
)
\auxcount=\count171
\c@labelstart=\count172
\c@lettre=\count173
\c@telefax=\count174
\emailcount=\count175
\faxpage=\count176
\sigflag=\count177
\signum=\count178
\letterwidth=\dimen136
\openingspace=\dimen137
\openingindent=\dimen138
\lettermargin=\dimen139
\listmargin=\dimen140
\sigspace=\dimen141
\ssigindent=\dimen142
\ssigwidth=\dimen143
\msigwidth=\dimen144
\fromaddress@let@width=\dimen145
\fromlieu@let@width=\dimen146
\toaddress@let@width=\dimen147
\fromaddress@fax@width=\dimen148
\faxstring@width=\dimen149
\faxbox@width=\dimen150
\toaddress@fax@width=\dimen151
\fromname@fax@width=\dimen152
\lettre@vref@width=\skip49
\lettre@nref@width=\skip50
\@tensionaux=\write3
\@dateaux=\write4
\@etiqaux=\write5
\@faxaux=\write6
\lettre@save@leftmargin=\dimen153
\lettre@save@leftskip=\dimen154
\lettre@leftmargin=\dimen155


Class lettre Message: Chargement du fichier de definition de langue `lettre-french.ldf'.

(/usr/local/texlive/2020/texmf-dist/tex/latex/lettre/lettre-french.ldf
File: lettre-french.ldf 2015/11/18
)) (/usr/local/texlive/2020/texmf-dist/tex/latex/base/inputenc.sty
Package: inputenc 2018/08/11 v1.3c Input encoding file
\inpenc@prehook=\toks16
\inpenc@posthook=\toks17
) (/usr/local/texlive/2020/texmf-dist/tex/generic/babel/babel.sty
Package: babel 2020/07/13 3.47 The Babel package
 (/usr/local/texlive/2020/texmf-dist/tex/generic/babel/babel.def
File: babel.def 2020/07/13 3.47 Babel common definitions
\babel@savecnt=\count179
\U@D=\dimen156
\l@babelnohyphens=\language86
 (/usr/local/texlive/2020/texmf-dist/tex/generic/babel/txtbabel.def)
\bbl@readstream=\read2
)
\bbl@dirlevel=\count180
Package babel Info: You haven't specified a language. I'll use 'nil'
(babel)             as the main language. Reported on input line 1075.
 (/usr/local/texlive/2020/texmf-dist/tex/generic/babel/nil.ldf
Language: nil 2020/07/13 3.47 Nil language
\l@nil=\language87
)) (/usr/local/texlive/2020/texmf-dist/tex/latex/eurosym/eurosym.sty
Package: eurosym 1998/08/06 v1.1 European currency symbol ``Euro''
\@eurobox=\box45
) (/usr/local/texlive/2020/texmf-dist/tex/latex/setspace/setspace.sty
Package: setspace 2011/12/19 v6.7a set line spacing
)

Class lettre Message: Date precisee.

(/usr/local/texlive/2020/texmf-dist/tex/latex/l3backend/l3backend-pdfmode.def
File: l3backend-pdfmode.def 2020-08-07 L3 backend support: PDF mode
\l__kernel_color_stack_int=\count181
\l__pdf_internal_box=\box46
) (/Users/alexandrodisla/Desktop/curiculum-vitae-and-letter/alexandrodislaCoverLetter.aux (/usr/local/texlive/2020/texmf-dist/tex/generic/babel/locale/fr/babel-french.tex
Package babel Info: Importing data for french
(babel)             from babel-fr.ini. Reported on input line 11.
))
\openout1 = `alexandrodislaCoverLetter.aux'.

LaTeX Font Info:    Checking defaults for OML/cmm/m/it on input line 14.
LaTeX Font Info:    ... okay on input line 14.
LaTeX Font Info:    Checking defaults for OMS/cmsy/m/n on input line 14.
LaTeX Font Info:    ... okay on input line 14.
LaTeX Font Info:    Checking defaults for OT1/cmr/m/n on input line 14.
LaTeX Font Info:    ... okay on input line 14.
LaTeX Font Info:    Checking defaults for T1/cmr/m/n on input line 14.
LaTeX Font Info:    ... okay on input line 14.
LaTeX Font Info:    Checking defaults for TS1/cmr/m/n on input line 14.
LaTeX Font Info:    ... okay on input line 14.
LaTeX Font Info:    Checking defaults for OMX/cmex/m/n on input line 14.
LaTeX Font Info:    ... okay on input line 14.
LaTeX Font Info:    Checking defaults for U/cmr/m/n on input line 14.
LaTeX Font Info:    ... okay on input line 14.
 (/usr/local/texlive/2020/texmf-dist/tex/context/base/mkii/supp-pdf.mkii
[Loading MPS to PDF converter (version 2006.09.02).]
\scratchcounter=\count182
\scratchdimen=\dimen157
\scratchbox=\box47
\nofMPsegments=\count183
\nofMParguments=\count184
\everyMPshowfont=\toks18
\MPscratchCnt=\count185
\MPscratchDim=\dimen158
\MPnumerator=\count186
\makeMPintoPDFobject=\count187
\everyMPtoPDFconversion=\toks19
) (/usr/local/texlive/2020/texmf-dist/tex/latex/epstopdf-pkg/epstopdf-base.sty
Package: epstopdf-base 2020-01-24 v2.11 Base part for package epstopdf
Package epstopdf-base Info: Redefining graphics rule for `.eps' on input line 485.
 (/usr/local/texlive/2020/texmf-dist/tex/latex/latexconfig/epstopdf-sys.cfg
File: epstopdf-sys.cfg 2010/07/13 v1.3 Configuration of (r)epstopdf for TeX Live
)) (/Users/alexandrodisla/Desktop/curiculum-vitae-and-letter/alexandrodislaCoverLetter.tns)
No file alexandrodislaCoverLetter.odt.
\openout3 = `alexandrodislaCoverLetter.tns'.


Class lettre Message: Scrutation des paquetages de gestion de langue.


Class lettre Message: Le paquetage `babel' est charg'e.


Class lettre Message: Langage par defaut: francais.


Class lettre Message: Lettre 1.

(/usr/local/texlive/2020/texmf-dist/tex/latex/lettre/lettre-default.cfg

Class lettre Message: Adresse precisee.


Class lettre Message: Numero de telephone precise.


Class lettre Message: Numero de fax precise.


Class lettre Message: Lieu precise.

)

Class lettre Message: Adresse precisee.


Class lettre Message: Numero d'E-Mail precise.


Class lettre Message: Numero de telephone precise.


Class lettre Message: Numero de fax supprime.


Class lettre Message: Lieu precise.


Overfull \hbox (10.40338pt too wide) in paragraph at lines 41--41
[] 
 []

LaTeX Font Info:    External font `cmex10' loaded for size
(Font)              <12> on input line 41.
LaTeX Font Info:    External font `cmex10' loaded for size
(Font)              <8> on input line 41.
LaTeX Font Info:    External font `cmex10' loaded for size
(Font)              <6> on input line 41.

Overfull \hbox (71.13152pt too wide) in paragraph at lines 41--41
[][] 
 []

[1


{/usr/local/texlive/2020/texmf-var/fonts/map/pdftex/updmap/pdftex.map}]
Overfull \hbox (3.18727pt too wide) in paragraph at lines 93--100
\OT1/cmr/m/n/12 great plea-sure in wor-king on dif-fi-cult pro-jects but also par-ti-ci-pa-ting in the decision-
 []


Class lettre Message: Signature simple.


Class lettre Message: Longueur de la derniere page : 650.33276pt>= 250pt.

[2]

Class lettre Message: Nombre de lettres :1.


Class lettre Message: Nombre de telefax :0.

(/Users/alexandrodisla/Desktop/curiculum-vitae-and-letter/alexandrodislaCoverLetter.aux) ) 
Here is how much of TeX's memory you used:
 2687 strings out of 480893
 40608 string characters out of 5908082
 312104 words of memory out of 5000000
 18291 multiletter control sequences out of 15000+600000
 537993 words of font info for 39 fonts, out of 8000000 for 9000
 1141 hyphenation exceptions out of 8191
 44i,7n,37p,900b,428s stack positions out of 5000i,500n,10000p,200000b,80000s
</usr/local/texlive/2020/texmf-dist/fonts/type1/public/amsfonts/cm/cmr12.pfb></usr/local/texlive/2020/texmf-dist/fonts/type1/public/amsfonts/cm/cmtt12.pfb>
Output written on /Users/alexandrodisla/Desktop/curiculum-vitae-and-letter/alexandrodislaCoverLetter.pdf (2 pages, 28370 bytes).
PDF statistics:
 19 PDF objects out of 1000 (max. 8388607)
 12 compressed objects within 1 object stream
 0 named destinations out of 1000 (max. 500000)
 1 words of extra memory for PDF output out of 10000 (max. 10000000)

