This is pdfTeX, Version 3.14159265-2.6-1.40.21 (TeX Live 2020) (preloaded format=pdflatex 2020.8.11)  19 OCT 2020 18:56
entering extended mode
 restricted \write18 enabled.
 file:line:error style messages enabled.
 %&-line parsing enabled.
**AlexandroDisla.coverletter.tex
(./AlexandroDisla.coverletter.tex
LaTeX2e <2020-02-02> patch level 5
L3 programming layer <2020-08-07>
(/usr/local/texlive/2020/texmf-dist/tex/latex/base/letter.cls
Document Class: letter 2014/09/29 v1.2z Standard LaTeX document class
(/usr/local/texlive/2020/texmf-dist/tex/latex/base/size11.clo
File: size11.clo 2019/12/20 v1.4l Standard LaTeX file (size option)
)
\longindentation=\dimen134
\indentedwidth=\dimen135
\labelcount=\count168
)
(/usr/local/texlive/2020/texmf-dist/tex/latex/psnfss/newcent.sty
Package: newcent 2020/03/25 PSNFSS-v9.3 (SPQR) 
)
(/usr/local/texlive/2020/texmf-dist/tex/latex/l3backend/l3backend-pdfmode.def
File: l3backend-pdfmode.def 2020-08-07 L3 backend support: PDF mode
\l__kernel_color_stack_int=\count169
\l__pdf_internal_box=\box45
)
(./AlexandroDisla.coverletter.aux)
\openout1 = `AlexandroDisla.coverletter.aux'.

LaTeX Font Info:    Checking defaults for OML/cmm/m/it on input line 35.
LaTeX Font Info:    ... okay on input line 35.
LaTeX Font Info:    Checking defaults for OMS/cmsy/m/n on input line 35.
LaTeX Font Info:    ... okay on input line 35.
LaTeX Font Info:    Checking defaults for OT1/cmr/m/n on input line 35.
LaTeX Font Info:    ... okay on input line 35.
LaTeX Font Info:    Checking defaults for T1/cmr/m/n on input line 35.
LaTeX Font Info:    ... okay on input line 35.
LaTeX Font Info:    Checking defaults for TS1/cmr/m/n on input line 35.
LaTeX Font Info:    ... okay on input line 35.
LaTeX Font Info:    Checking defaults for OMX/cmex/m/n on input line 35.
LaTeX Font Info:    ... okay on input line 35.
LaTeX Font Info:    Checking defaults for U/cmr/m/n on input line 35.
LaTeX Font Info:    ... okay on input line 35.
LaTeX Font Info:    Trying to load font information for OT1+pnc on input line 3
5.

(/usr/local/texlive/2020/texmf-dist/tex/latex/psnfss/ot1pnc.fd
File: ot1pnc.fd 2001/06/04 font definitions for OT1/pnc.
)
LaTeX Font Info:    Trying to load font information for OMS+pnc on input line 5
1.

(/usr/local/texlive/2020/texmf-dist/tex/latex/psnfss/omspnc.fd
File: omspnc.fd 
)
LaTeX Font Info:    Font shape `OMS/pnc/b/n' in size <12> not available
(Font)              Font shape `OMS/cmsy/b/n' tried instead on input line 51.
 [1

{/usr/local/texlive/2020/texmf-var/fonts/map/pdftex/updmap/pdftex.map}]
LaTeX Font Info:    External font `cmex10' loaded for size
(Font)              <10.95> on input line 82.
LaTeX Font Info:    External font `cmex10' loaded for size
(Font)              <8> on input line 82.
LaTeX Font Info:    External font `cmex10' loaded for size
(Font)              <6> on input line 82.
 [2]
(./AlexandroDisla.coverletter.aux) ) 
Here is how much of TeX's memory you used:
 388 strings out of 480893
 7022 string characters out of 5908082
 248337 words of memory out of 5000000
 16059 multiletter control sequences out of 15000+600000
 541621 words of font info for 45 fonts, out of 8000000 for 9000
 1141 hyphenation exceptions out of 8191
 23i,6n,25p,1174b,211s stack positions out of 5000i,500n,10000p,200000b,80000s
{/usr/local/texlive/2020/texmf-dist/fonts/e
nc/dvips/base/8r.enc}</usr/local/texlive/2020/texmf-dist/fonts/type1/public/ams
fonts/cm/cmbsy10.pfb></usr/local/texlive/2020/texmf-dist/fonts/type1/urw/ncntrs
bk/uncb8a.pfb></usr/local/texlive/2020/texmf-dist/fonts/type1/urw/ncntrsbk/uncr
8a.pfb>
Output written on AlexandroDisla.coverletter.pdf (2 pages, 42594 bytes).
PDF statistics:
 24 PDF objects out of 1000 (max. 8388607)
 16 compressed objects within 1 object stream
 0 named destinations out of 1000 (max. 500000)
 1 words of extra memory for PDF output out of 10000 (max. 10000000)

